<?xml version="1.0" encoding="UTF-8"?>
<!-- Generated by org.testng.reporters.JUnitReportReporter -->
<testsuite hostname="pradnya" name="TestingAndnotations.Module3" tests="4" failures="0" timestamp="24 Mar 2019 11:00:30 GMT" time="0.015" errors="0">
  <testcase name="atest2" time="0.015" classname="TestingAndnotations.Module3"/>
  <testcase name="test1" time="0.000" classname="TestingAndnotations.Module3"/>
  <testcase name="test4" time="0.000" classname="TestingAndnotations.Module3"/>
  <testcase name="test3" time="0.000" classname="TestingAndnotations.Module3"/>
</testsuite> <!-- TestingAndnotations.Module3 -->
