<?xml version="1.0" encoding="UTF-8"?>
<!-- Generated by org.testng.reporters.JUnitReportReporter -->
<testsuite hostname="pradnya" name="TestingAndnotations.Module1" tests="4" failures="0" timestamp="24 Mar 2019 11:00:30 GMT" time="0.016" errors="0">
  <testcase name="test4" time="0.000" classname="TestingAndnotations.Module1"/>
  <testcase name="test1" time="0.000" classname="TestingAndnotations.Module1"/>
  <testcase name="atest2" time="0.000" classname="TestingAndnotations.Module1"/>
  <testcase name="test3" time="0.016" classname="TestingAndnotations.Module1"/>
</testsuite> <!-- TestingAndnotations.Module1 -->
