<?xml version="1.0" encoding="UTF-8"?>
<!-- Generated by org.testng.reporters.JUnitReportReporter -->
<testsuite hostname="pradnya" name="TestingAndnotations.Testng1" tests="4" failures="0" timestamp="24 Mar 2019 10:23:13 GMT" time="0.019" errors="0">
  <testcase name="test1" time="0.000" classname="TestingAndnotations.Testng1"/>
  <testcase name="test4" time="0.000" classname="TestingAndnotations.Testng1"/>
  <testcase name="atest2" time="0.019" classname="TestingAndnotations.Testng1"/>
  <testcase name="test3" time="0.000" classname="TestingAndnotations.Testng1"/>
</testsuite> <!-- TestingAndnotations.Testng1 -->
